<?xml version="1.0" encoding="UTF-8"?>
<!-- Generated by org.testng.reporters.JUnitReportReporter -->
<testsuite skipped="0" hostname="GS-Jamil" name="com.testrunner.TestRunner" tests="1" failures="0" timestamp="12 Mar 2020 00:59:34 GMT" time="0.005" errors="0">
  <testcase name="feature" time="0.005" classname="com.testrunner.TestRunner"/>
</testsuite> <!-- com.testrunner.TestRunner -->
