<?xml version="1.0" encoding="UTF-8"?>
<!-- Generated by org.testng.reporters.JUnitReportReporter -->
<testsuite skipped="0" hostname="GS-Jamil" name="com.testrunner.TestRunner" tests="1" failures="0" timestamp="07 Mar 2020 21:20:24 GMT" time="0.019" errors="0">
  <testcase name="feature" time="0.019" classname="com.testrunner.TestRunner"/>
</testsuite> <!-- com.testrunner.TestRunner -->
